<?xml version="1.0" encoding="UTF-8"?>
<!-- Generated by org.testng.reporters.JUnitReportReporter -->
<testsuite hostname="DESKTOP-CPQDIMA" failures="0" tests="1" name="automation.testsuite.Day8_Practice" time="102.645" errors="0" timestamp="2023-11-07T20:28:30 ICT" skipped="0">
  <testcase classname="automation.testsuite.Day8_Practice" name="getLocaltorById" time="102.645"/>
  <system-out/>
</testsuite> <!-- automation.testsuite.Day8_Practice -->
