<?xml version="1.0" encoding="UTF-8"?>
<!-- Generated by org.testng.reporters.JUnitReportReporter -->
<testsuite hostname="DESKTOP-CPQDIMA" failures="0" tests="1" name="automation.testsuite.Day7_Pratice" time="0.022" errors="0" timestamp="2023-11-07T15:58:03 ICT" skipped="0">
  <testcase classname="automation.testsuite.Day7_Pratice" name="Test" time="0.022"/>
  <system-out/>
</testsuite> <!-- automation.testsuite.Day7_Pratice -->
