<?xml version="1.0" encoding="UTF-8"?>
<!-- Generated by org.testng.reporters.JUnitReportReporter -->
<testsuite hostname="DESKTOP-CPQDIMA" failures="0" tests="2" name="automation.testsuite.Day12_Exercise" time="85.108" errors="0" timestamp="2023-11-26T16:17:52 ICT" skipped="0">
  <testcase classname="automation.testsuite.Day12_Exercise" name="selectOneOptionFromDropdownlist" time="77.804"/>
  <system-out/>
  <testcase classname="automation.testsuite.Day12_Exercise" name="ClickOnCheckBox" time="7.304"/>
  <system-out/>
</testsuite> <!-- automation.testsuite.Day12_Exercise -->
