<?xml version="1.0" encoding="UTF-8"?>
<!-- Generated by org.testng.reporters.JUnitReportReporter -->
<testsuite hostname="DESKTOP-CPQDIMA" failures="0" tests="1" name="automation.testsuite.Day8_Practice3" time="14.767" errors="0" timestamp="2023-11-07T21:36:15 ICT" skipped="0">
  <testcase classname="automation.testsuite.Day8_Practice3" name="getLocatorsOnThePage" time="14.767"/>
  <system-out/>
</testsuite> <!-- automation.testsuite.Day8_Practice3 -->
