<?xml version="1.0" encoding="UTF-8"?>
<!-- Generated by org.testng.reporters.JUnitReportReporter -->
<testsuite hostname="DESKTOP-CPQDIMA" failures="0" tests="2" name="automation.testsuite.Day8_Practice2" time="28.952" errors="0" timestamp="2023-11-07T21:15:30 ICT" skipped="0">
  <testcase classname="automation.testsuite.Day8_Practice2" name="getLocaltorByLassName" time="14.273"/>
  <system-out/>
  <testcase classname="automation.testsuite.Day8_Practice2" name="getLocaltorByText" time="14.679"/>
  <system-out/>
</testsuite> <!-- automation.testsuite.Day8_Practice2 -->
