<?xml version="1.0" encoding="UTF-8"?>
<!-- Generated by org.testng.reporters.JUnitReportReporter -->
<testsuite hostname="DESKTOP-CPQDIMA" failures="0" tests="5" name="automation.testsuite.Day13_LoginTest_Excercise" time="71.279" errors="0" timestamp="2023-11-27T20:57:44 ICT" skipped="0">
  <testcase classname="automation.testsuite.Day13_LoginTest_Excercise" name="LoginSuccess" time="21.820"/>
  <system-out/>
  <testcase classname="automation.testsuite.Day13_LoginTest_Excercise" name="LoginFailincorrectUser" time="13.465"/>
  <system-out/>
  <testcase classname="automation.testsuite.Day13_LoginTest_Excercise" name="LoginFailincorrectPass" time="9.872"/>
  <system-out/>
  <testcase classname="automation.testsuite.Day13_LoginTest_Excercise" name="LoginFailincorrectUserAndPass" time="8.878"/>
  <system-out/>
  <testcase classname="automation.testsuite.Day13_LoginTest_Excercise" name="LogOuttSuccess" time="17.244"/>
  <system-out/>
</testsuite> <!-- automation.testsuite.Day13_LoginTest_Excercise -->
