<?xml version="1.0" encoding="UTF-8"?>
<!-- Generated by org.testng.reporters.JUnitReportReporter -->
<testsuite hostname="DESKTOP-CPQDIMA" failures="0" tests="3" name="automation.testsuite.Day13_LoginTest" time="64.311" errors="0" timestamp="2023-11-26T18:08:26 ICT" skipped="0">
  <testcase classname="automation.testsuite.Day13_LoginTest" name="LoginSuccess" time="16.745"/>
  <system-out/>
  <testcase classname="automation.testsuite.Day13_LoginTest" name="LoginFailIncorectEmail" time="19.460"/>
  <system-out/>
  <testcase classname="automation.testsuite.Day13_LoginTest" name="LoginFailIncorectPass" time="28.106"/>
  <system-out/>
</testsuite> <!-- automation.testsuite.Day13_LoginTest -->
