<?xml version="1.0" encoding="UTF-8"?>
<!-- Generated by org.testng.reporters.JUnitReportReporter -->
<testsuite hostname="DESKTOP-CPQDIMA" failures="0" tests="2" name="automation.testsuite.Day12_Checkbox" time="28.847" errors="0" timestamp="2023-11-21T20:15:22 ICT" skipped="0">
  <testcase classname="automation.testsuite.Day12_Checkbox" name="multiCheckBox" time="16.727"/>
  <system-out/>
  <testcase classname="automation.testsuite.Day12_Checkbox" name="ClickOnCheckBox" time="12.120"/>
  <system-out/>
</testsuite> <!-- automation.testsuite.Day12_Checkbox -->
