<?xml version="1.0" encoding="UTF-8"?>
<!-- Generated by org.testng.reporters.JUnitReportReporter -->
<testsuite hostname="DESKTOP-CPQDIMA" failures="0" tests="2" name="automation.testsuite.Day12_Dropdownlist" time="20.917" errors="0" timestamp="2023-11-26T13:38:42 ICT" skipped="0">
  <testcase classname="automation.testsuite.Day12_Dropdownlist" name="selectOneOptionFromDropdownlist" time="13.431"/>
  <system-out/>
  <testcase classname="automation.testsuite.Day12_Dropdownlist" name="selectOneOptionFromList" time="7.486"/>
  <system-out/>
</testsuite> <!-- automation.testsuite.Day12_Dropdownlist -->
